<?xml version="1.0" encoding="UTF-8"?>
<testng-results skipped="0" failed="0" ignored="0" total="1" passed="1">
  <reporter-output>
  </reporter-output>
  <suite name="Run Test Cukes" duration-ms="220169" started-at="2019-11-09T20:24:00Z" finished-at="2019-11-09T20:27:40Z">
    <groups>
      <group name="cucumber">
        <method signature="AbstractTestNGCucumberTests.feature(cucumber.api.testng.CucumberFeatureWrapper)[pri:0, instance:com.cucumbercraft.runners.RunCucumberTests_Smoke@6403a4a5]" name="feature" class="cucumber.api.testng.AbstractTestNGCucumberTests"/>
      </group> <!-- cucumber -->
    </groups>
    <test name="Smoke Tests using chrome" duration-ms="220169" started-at="2019-11-09T20:24:00Z" finished-at="2019-11-09T20:27:40Z">
      <class name="com.cucumbercraft.runners.RunCucumberTests_Smoke">
        <test-method status="PASS" signature="beforeSuite()[pri:0, instance:com.cucumbercraft.runners.RunCucumberTests_Smoke@6403a4a5]" name="beforeSuite" is-config="true" duration-ms="190" started-at="2019-11-09T12:23:59Z" finished-at="2019-11-09T12:24:00Z">
          <reporter-output>
          </reporter-output>
        </test-method> <!-- beforeSuite -->
        <test-method status="PASS" signature="beforeTest(org.testng.ITestContext)[pri:0, instance:com.cucumbercraft.runners.RunCucumberTests_Smoke@6403a4a5]" name="beforeTest" is-config="true" duration-ms="71" started-at="2019-11-09T12:24:00Z" finished-at="2019-11-09T12:24:00Z">
          <params>
            <param index="0">
              <value>
                <![CDATA[org.testng.TestRunner@2616b618]]>
              </value>
            </param>
          </params>
          <reporter-output>
          </reporter-output>
        </test-method> <!-- beforeTest -->
        <test-method status="PASS" signature="setUpClass()[pri:0, instance:com.cucumbercraft.runners.RunCucumberTests_Smoke@6403a4a5]" name="setUpClass" is-config="true" duration-ms="2895" started-at="2019-11-09T12:24:00Z" finished-at="2019-11-09T12:24:03Z">
          <reporter-output>
          </reporter-output>
        </test-method> <!-- setUpClass -->
        <test-method status="PASS" signature="beforeClass(org.testng.ITestContext)[pri:0, instance:com.cucumbercraft.runners.RunCucumberTests_Smoke@6403a4a5]" name="beforeClass" is-config="true" duration-ms="13" started-at="2019-11-09T12:24:03Z" finished-at="2019-11-09T12:24:03Z">
          <params>
            <param index="0">
              <value>
                <![CDATA[org.testng.TestRunner@2616b618]]>
              </value>
            </param>
          </params>
          <reporter-output>
          </reporter-output>
        </test-method> <!-- beforeClass -->
        <test-method status="PASS" signature="feature(cucumber.api.testng.CucumberFeatureWrapper)[pri:0, instance:com.cucumbercraft.runners.RunCucumberTests_Smoke@6403a4a5]" name="feature" duration-ms="214014" started-at="2019-11-09T12:24:03Z" description="Runs Cucumber Feature" data-provider="features" finished-at="2019-11-09T12:27:37Z">
          <params>
            <param index="0">
              <value>
                <![CDATA[Telehealth Filter Result Validation based on Telehealth Provider Name Search]]>
              </value>
            </param>
          </params>
          <reporter-output>
          </reporter-output>
        </test-method> <!-- feature -->
        <test-method status="PASS" signature="afterClass()[pri:0, instance:com.cucumbercraft.runners.RunCucumberTests_Smoke@6403a4a5]" name="afterClass" is-config="true" duration-ms="31" started-at="2019-11-09T12:27:37Z" finished-at="2019-11-09T12:27:37Z">
          <reporter-output>
          </reporter-output>
        </test-method> <!-- afterClass -->
        <test-method status="PASS" signature="tearDownClass()[pri:0, instance:com.cucumbercraft.runners.RunCucumberTests_Smoke@6403a4a5]" name="tearDownClass" is-config="true" duration-ms="2379" started-at="2019-11-09T12:27:37Z" finished-at="2019-11-09T12:27:40Z">
          <reporter-output>
          </reporter-output>
        </test-method> <!-- tearDownClass -->
        <test-method status="PASS" signature="afterTest()[pri:0, instance:com.cucumbercraft.runners.RunCucumberTests_Smoke@6403a4a5]" name="afterTest" is-config="true" duration-ms="0" started-at="2019-11-09T12:27:40Z" finished-at="2019-11-09T12:27:40Z">
          <reporter-output>
          </reporter-output>
        </test-method> <!-- afterTest -->
        <test-method status="PASS" signature="afterSuite()[pri:0, instance:com.cucumbercraft.runners.RunCucumberTests_Smoke@6403a4a5]" name="afterSuite" is-config="true" duration-ms="1015" started-at="2019-11-09T12:27:40Z" finished-at="2019-11-09T12:27:41Z">
          <reporter-output>
          </reporter-output>
        </test-method> <!-- afterSuite -->
      </class> <!-- com.cucumbercraft.runners.RunCucumberTests_Smoke -->
    </test> <!-- Smoke Tests using chrome -->
  </suite> <!-- Run Test Cukes -->
</testng-results>
