<?xml version="1.0" encoding="UTF-8"?>
<!-- Generated by org.testng.reporters.JUnitXMLReporter -->
<testsuite hostname="TRG525170.regence.com" ignored="0" name="Regression Tests" tests="3" failures="0" timestamp="02 Jul 2019 20:32:06 GMT" time="18.355" errors="0">
  <testcase name="feature" time="6.173" classname="cucumber.api.testng.AbstractTestNGCucumberTests"/>
  <testcase name="feature" time="8.424" classname="cucumber.api.testng.AbstractTestNGCucumberTests"/>
  <testcase name="feature" time="2.122" classname="cucumber.api.testng.AbstractTestNGCucumberTests"/>
</testsuite> <!-- Regression Tests -->
